Determining if the pthread_create exist failed with the following output:
Change Dir: /home/dafnamagid/CLionProjects/ex04/ex4_reversi-client/cmake-build-debug/CMakeFiles/CMakeTmp

Run Build Command:"/usr/bin/make" "cmTC_1a40b/fast"
/usr/bin/make -f CMakeFiles/cmTC_1a40b.dir/build.make CMakeFiles/cmTC_1a40b.dir/build
make[1]: Entering directory '/home/dafnamagid/CLionProjects/ex04/ex4_reversi-client/cmake-build-debug/CMakeFiles/CMakeTmp'
Building C object CMakeFiles/cmTC_1a40b.dir/CheckSymbolExists.c.o
/usr/bin/cc    -o CMakeFiles/cmTC_1a40b.dir/CheckSymbolExists.c.o   -c /home/dafnamagid/CLionProjects/ex04/ex4_reversi-client/cmake-build-debug/CMakeFiles/CMakeTmp/CheckSymbolExists.c
Linking C executable cmTC_1a40b
/home/dafnamagid/Desktop/clion-2017.2.3/bin/cmake/bin/cmake -E cmake_link_script CMakeFiles/cmTC_1a40b.dir/link.txt --verbose=1
/usr/bin/cc      -rdynamic CMakeFiles/cmTC_1a40b.dir/CheckSymbolExists.c.o  -o cmTC_1a40b 
CMakeFiles/cmTC_1a40b.dir/CheckSymbolExists.c.o: In function `main':
CheckSymbolExists.c:(.text+0x16): undefined reference to `pthread_create'
collect2: error: ld returned 1 exit status
CMakeFiles/cmTC_1a40b.dir/build.make:97: recipe for target 'cmTC_1a40b' failed
make[1]: *** [cmTC_1a40b] Error 1
make[1]: Leaving directory '/home/dafnamagid/CLionProjects/ex04/ex4_reversi-client/cmake-build-debug/CMakeFiles/CMakeTmp'
Makefile:126: recipe for target 'cmTC_1a40b/fast' failed
make: *** [cmTC_1a40b/fast] Error 2

File /home/dafnamagid/CLionProjects/ex04/ex4_reversi-client/cmake-build-debug/CMakeFiles/CMakeTmp/CheckSymbolExists.c:
/* */
#include <pthread.h>

int main(int argc, char** argv)
{
  (void)argv;
#ifndef pthread_create
  return ((int*)(&pthread_create))[argc];
#else
  (void)argc;
  return 0;
#endif
}

Determining if the function pthread_create exists in the pthreads failed with the following output:
Change Dir: /home/dafnamagid/CLionProjects/ex04/ex4_reversi-client/cmake-build-debug/CMakeFiles/CMakeTmp

Run Build Command:"/usr/bin/make" "cmTC_25c16/fast"
/usr/bin/make -f CMakeFiles/cmTC_25c16.dir/build.make CMakeFiles/cmTC_25c16.dir/build
make[1]: Entering directory '/home/dafnamagid/CLionProjects/ex04/ex4_reversi-client/cmake-build-debug/CMakeFiles/CMakeTmp'
Building C object CMakeFiles/cmTC_25c16.dir/CheckFunctionExists.c.o
/usr/bin/cc   -DCHECK_FUNCTION_EXISTS=pthread_create   -o CMakeFiles/cmTC_25c16.dir/CheckFunctionExists.c.o   -c /home/dafnamagid/Desktop/clion-2017.2.3/bin/cmake/share/cmake-3.8/Modules/CheckFunctionExists.c
Linking C executable cmTC_25c16
/home/dafnamagid/Desktop/clion-2017.2.3/bin/cmake/bin/cmake -E cmake_link_script CMakeFiles/cmTC_25c16.dir/link.txt --verbose=1
/usr/bin/cc  -DCHECK_FUNCTION_EXISTS=pthread_create    -rdynamic CMakeFiles/cmTC_25c16.dir/CheckFunctionExists.c.o  -o cmTC_25c16 -lpthreads 
/usr/bin/ld: cannot find -lpthreads
collect2: error: ld returned 1 exit status
CMakeFiles/cmTC_25c16.dir/build.make:97: recipe for target 'cmTC_25c16' failed
make[1]: *** [cmTC_25c16] Error 1
make[1]: Leaving directory '/home/dafnamagid/CLionProjects/ex04/ex4_reversi-client/cmake-build-debug/CMakeFiles/CMakeTmp'
Makefile:126: recipe for target 'cmTC_25c16/fast' failed
make: *** [cmTC_25c16/fast] Error 2


